#
# A fatal error has been detected by the Java Runtime Environment:
#
#  SIGSEGV (0xb) at pc=0x00007f588ea7c080, pid=21491, tid=140018052638464
#
# JRE version: Java(TM) SE Runtime Environment (7.0_67-b01) (build 1.7.0_67-b01)
# Java VM: Java HotSpot(TM) 64-Bit Server VM (24.65-b04 mixed mode linux-amd64 compressed oops)
# Problematic frame:
# C  [libpthread.so.0+0x12080]  __lll_unlock_elision+0x30
#
# Failed to write core dump. Core dumps have been disabled. To enable core dumping, try "ulimit -c unlimited" before starting Java again
#
# If you would like to submit a bug report, please visit:
#   http://bugreport.sun.com/bugreport/crash.jsp
#

---------------  T H R E A D  ---------------

Current thread (0x00007f5888070800):  VMThread [stack: 0x00007f587e3a2000,0x00007f587e4a3000] [id=21506]

siginfo:si_signo=SIGSEGV: si_errno=0, si_code=128 (), si_addr=0x0000000000000000

Registers:
RAX=0x0000000000000000, RBX=0x00007f5888262600, RCX=0x0000000000000002, RDX=0x00007f5874395d08
RSP=0x00007f587e4a1768, RBP=0x00007f587e4a1790, RSI=0x0000000000000000, RDI=0x00007f5874395d08
R8 =0x0000000000000000, R9 =0x00007f588ec82300, R10=0x0000000000000051, R11=0x00007f586e77ecc0
R12=0x00007f587464ef48, R13=0x00007f587e4a18d8, R14=0x00007f587e4a19a0, R15=0x00000000ffffffff
RIP=0x00007f588ea7c080, EFLAGS=0x0000000000010246, CSGSFS=0x0000000000000033, ERR=0x0000000000000000
  TRAPNO=0x000000000000000d

Top of Stack: (sp=0x00007f587e4a1768)
0x00007f587e4a1768:   00007f587414426c 00007f5888262600
0x00007f587e4a1778:   ffffffffffffffff 00007f5888262600
0x00007f587e4a1788:   00007f58740d4a22 00007f587e4a1a10
0x00007f587e4a1798:   00007f5874158ea1 00007f587e4a1a10
0x00007f587e4a17a8:   00007f588ec966f5 00007f588eeaa130
0x00007f587e4a17b8:   00007f588eeaa6c8 00007f588eea7560
0x00007f587e4a17c8:   00007f5888007d30 00007f5888014810
0x00007f587e4a17d8:   00007f58880db950 00007f58880db480
0x00007f587e4a17e8:   00007f58880020a0 00007f5888001a20
0x00007f587e4a17f8:   0000000000c854c0 00007f58880fadb0
0x00007f587e4a1808:   00007f588825b530 00007f588825b9e0
0x00007f587e4a1818:   00007f58882362c0 00007f58881043f0
0x00007f587e4a1828:   00007f588825c370 00007f588825c880
0x00007f587e4a1838:   00007f588825cd60 00007f588825d240
0x00007f587e4a1848:   00007f588825d750 00007f588825dc60
0x00007f587e4a1858:   00007f588825e170 00007f588825be90
0x00007f587e4a1868:   00007f588825e680 00007f588825f0a0
0x00007f587e4a1878:   00007f588825f5b0 00007f588825fab0
0x00007f587e4a1888:   00007f58880fa8c0 00007f588825ffb0
0x00007f587e4a1898:   00007f58882604c0 00007f5888236770
0x00007f587e4a18a8:   00007f5888261090 00007f58882615a0
0x00007f587e4a18b8:   00007f5888261ab0 00007f588825eb90
0x00007f587e4a18c8:   00007f5888260b20 00007f5888262100
0x00007f587e4a18d8:   00007f5888262600 00007f5888000990
0x00007f587e4a18e8:   00007f588eea7068 00007f5888262af0
0x00007f587e4a18f8:   00007f5888262ff0 00007f5888263500
0x00007f587e4a1908:   00007f5888263a00 00007f5888263ef0
0x00007f587e4a1918:   00007f58880dbec0 00007f58880fa410
0x00007f587e4a1928:   00007f58881048a0 00007f5888105200
0x00007f587e4a1938:   00007f5888104d50 00007f58882645c0
0x00007f587e4a1948:   00007f5888264ab0 00007f5888265280
0x00007f587e4a1958:   00007f58882659c0 00007f5888265f20 

Instructions: (pc=0x00007f588ea7c080)
0x00007f588ea7c060:   3a 48 81 ec 80 00 00 00 e8 d3 d5 ff ff 48 81 c4
0x00007f588ea7c070:   80 00 00 00 31 c0 c3 66 0f 1f 84 00 00 00 00 00
0x00007f588ea7c080:   0f 01 d5 31 c0 c3 66 2e 0f 1f 84 00 00 00 00 00
0x00007f588ea7c090:   0f b7 06 49 89 f8 48 89 54 24 f8 66 85 c0 7e 38 

Register to memory mapping:

RAX=0x0000000000000000 is an unknown value
RBX=0x00007f5888262600 is an unknown value
RCX=0x0000000000000002 is an unknown value
RDX=0x00007f5874395d08: <offset 0x2e3d08> in /usr/lib/libEGL.so.1 at 0x00007f58740b2000
RSP=0x00007f587e4a1768 is an unknown value
RBP=0x00007f587e4a1790 is an unknown value
RSI=0x0000000000000000 is an unknown value
RDI=0x00007f5874395d08: <offset 0x2e3d08> in /usr/lib/libEGL.so.1 at 0x00007f58740b2000
R8 =0x0000000000000000 is an unknown value
R9 =0x00007f588ec82300: <offset 0x218300> in /usr/lib/libpthread.so.0 at 0x00007f588ea6a000
R10=0x0000000000000051 is an unknown value
R11=0x00007f586e77ecc0: _nv001glsi+0 in /usr/lib/libnvidia-glsi.so.352.09 at 0x00007f586e77b000
R12=0x00007f587464ef48: <offset 0x2a4f48> in /usr/lib/libpixman-1.so.0 at 0x00007f58743aa000
R13=0x00007f587e4a18d8 is an unknown value
R14=0x00007f587e4a19a0 is an unknown value
R15=0x00000000ffffffff is an unknown value


Stack: [0x00007f587e3a2000,0x00007f587e4a3000],  sp=0x00007f587e4a1768,  free space=1021k
Native frames: (J=compiled Java code, j=interpreted, Vv=VM code, C=native code)
C  [libpthread.so.0+0x12080]  __lll_unlock_elision+0x30
C  [libEGL.so.1+0xa6ea1]  eglGetError+0x77d71

VM_Operation (0x00007f586e576530): Exit, mode: safepoint, requested by thread 0x00007f5838001000


---------------  P R O C E S S  ---------------

Java Threads: ( => current thread )
  0x00007f5838001000 JavaThread "SIGTERM handler" daemon [_thread_blocked, id=21538, stack(0x00007f586e477000,0x00007f586e578000)]
  0x00007f5888008800 JavaThread "DestroyJavaVM" [_thread_blocked, id=21497, stack(0x00007f588eda2000,0x00007f588eea3000)]
  0x00007f58882e7000 JavaThread "AWT-EventQueue-0" [_thread_blocked, id=21518, stack(0x00007f586e376000,0x00007f586e477000)]
  0x00007f588825a800 JavaThread "AWT-Shutdown" [_thread_blocked, id=21516, stack(0x00007f5877bf8000,0x00007f5877cf9000)]
  0x00007f588823d800 JavaThread "AWT-XAWT" daemon [_thread_blocked, id=21515, stack(0x00007f5877cf9000,0x00007f5877dfa000)]
  0x00007f588821a800 JavaThread "Java2D Disposer" daemon [_thread_blocked, id=21514, stack(0x00007f587c2f4000,0x00007f587c3f5000)]
  0x00007f58880a5800 JavaThread "Service Thread" daemon [_thread_blocked, id=21512, stack(0x00007f587dbd1000,0x00007f587dcd2000)]
  0x00007f58880a3800 JavaThread "C2 CompilerThread1" daemon [_thread_blocked, id=21511, stack(0x00007f587dcd2000,0x00007f587ddd3000)]
  0x00007f58880a0800 JavaThread "C2 CompilerThread0" daemon [_thread_blocked, id=21510, stack(0x00007f587ddd3000,0x00007f587ded4000)]
  0x00007f5888077000 JavaThread "Finalizer" daemon [_thread_blocked, id=21508, stack(0x00007f587e1a0000,0x00007f587e2a1000)]
  0x00007f5888075000 JavaThread "Reference Handler" daemon [_thread_blocked, id=21507, stack(0x00007f587e2a1000,0x00007f587e3a2000)]

Other Threads:
=>0x00007f5888070800 VMThread [stack: 0x00007f587e3a2000,0x00007f587e4a3000] [id=21506]

VM state:at safepoint (shutting down)

VM Mutex/Monitor currently owned by a thread:  ([mutex/lock_event])
[0x00007f5888006040] Threads_lock - owner thread: 0x00007f5888070800

Heap
 PSYoungGen      total 37376K, used 11115K [0x00000007d6a80000, 0x00000007d9400000, 0x0000000800000000)
  eden space 32256K, 34% used [0x00000007d6a80000,0x00000007d755ad80,0x00000007d8a00000)
  from space 5120K, 0% used [0x00000007d8f00000,0x00000007d8f00000,0x00000007d9400000)
  to   space 5120K, 0% used [0x00000007d8a00000,0x00000007d8a00000,0x00000007d8f00000)
 ParOldGen       total 84480K, used 0K [0x0000000784000000, 0x0000000789280000, 0x00000007d6a80000)
  object space 84480K, 0% used [0x0000000784000000,0x0000000784000000,0x0000000789280000)
 PSPermGen       total 21504K, used 8242K [0x000000077ee00000, 0x0000000780300000, 0x0000000784000000)
  object space 21504K, 38% used [0x000000077ee00000,0x000000077f60ca08,0x0000000780300000)

Card table byte_map: [0x00007f588c2c2000,0x00007f588c6cc000] byte_map_base: 0x00007f58886cb000

Polling page: 0x00007f588eda1000

Code Cache  [0x00007f5885000000, 0x00007f5885270000, 0x00007f5888000000)
 total_blobs=392 nmethods=12 adapters=334 free_code_cache=48646Kb largest_free_block=49797952

Compilation events (10 events):
Event: 0.109 Thread 0x00007f58880a0800 nmethod 8 0x00007f58850771d0 code [0x00007f5885077300, 0x00007f5885077398]
Event: 0.112 Thread 0x00007f58880a3800 nmethod 7 0x00007f5885075110 code [0x00007f5885075280, 0x00007f58850757a8]
Event: 0.153 Thread 0x00007f58880a0800    9             sun.java2d.loops.GraphicsPrimitive::getUniqueID (5 bytes)
Event: 0.153 Thread 0x00007f58880a0800 nmethod 9 0x00007f588507df10 code [0x00007f588507e040, 0x00007f588507e098]
Event: 7.837 Thread 0x00007f58880a3800   10             java.lang.Enum::ordinal (5 bytes)
Event: 7.838 Thread 0x00007f58880a0800   11             sun.util.logging.PlatformLogger$Level::intValue (9 bytes)
Event: 7.838 Thread 0x00007f58880a3800 nmethod 10 0x00007f588507b2d0 code [0x00007f588507b400, 0x00007f588507b458]
Event: 7.838 Thread 0x00007f58880a0800 nmethod 11 0x00007f588507f610 code [0x00007f588507f740, 0x00007f588507f7d8]
Event: 11.089 Thread 0x00007f58880a3800   12             java.lang.String::charAt (29 bytes)
Event: 11.089 Thread 0x00007f58880a3800 nmethod 12 0x00007f5885080a50 code [0x00007f5885080ba0, 0x00007f5885080c58]

GC Heap History (0 events):
No events

Deoptimization events (0 events):
No events

Internal exceptions (10 events):
Event: 7.808 Thread 0x00007f5888008800 Threw 0x00000007d711d748 at /HUDSON/workspace/7u-2-build-linux-amd64/jdk7u67/1368/hotspot/src/share/vm/prims/jvm.cpp:1244
Event: 7.809 Thread 0x00007f5888008800 Threw 0x00000007d71234b0 at /HUDSON/workspace/7u-2-build-linux-amd64/jdk7u67/1368/hotspot/src/share/vm/prims/jvm.cpp:1244
Event: 7.811 Thread 0x00007f5888008800 Threw 0x00000007d7166990 at /HUDSON/workspace/7u-2-build-linux-amd64/jdk7u67/1368/hotspot/src/share/vm/prims/jvm.cpp:1244
Event: 7.813 Thread 0x00007f5888008800 Threw 0x00000007d717b098 at /HUDSON/workspace/7u-2-build-linux-amd64/jdk7u67/1368/hotspot/src/share/vm/prims/jvm.cpp:1244
Event: 7.815 Thread 0x00007f5888008800 Threw 0x00000007d7180a48 at /HUDSON/workspace/7u-2-build-linux-amd64/jdk7u67/1368/hotspot/src/share/vm/prims/jvm.cpp:1244
Event: 7.817 Thread 0x00007f5888008800 Threw 0x00000007d718a760 at /HUDSON/workspace/7u-2-build-linux-amd64/jdk7u67/1368/hotspot/src/share/vm/prims/jvm.cpp:1244
Event: 7.817 Thread 0x00007f5888008800 Threw 0x00000007d7191260 at /HUDSON/workspace/7u-2-build-linux-amd64/jdk7u67/1368/hotspot/src/share/vm/prims/jvm.cpp:1244
Event: 7.817 Thread 0x00007f5888008800 Threw 0x00000007d7195040 at /HUDSON/workspace/7u-2-build-linux-amd64/jdk7u67/1368/hotspot/src/share/vm/prims/jvm.cpp:1244
Event: 7.818 Thread 0x00007f5888008800 Threw 0x00000007d719f310 at /HUDSON/workspace/7u-2-build-linux-amd64/jdk7u67/1368/hotspot/src/share/vm/prims/jvm.cpp:1244
Event: 7.819 Thread 0x00007f5888008800 Threw 0x00000007d71ab030 at /HUDSON/workspace/7u-2-build-linux-amd64/jdk7u67/1368/hotspot/src/share/vm/prims/jvm.cpp:1244

Events (10 events):
Event: 16.216 Thread 0x00007f57f8002800 Thread added: 0x00007f57f8002800
Event: 16.216 loading class 0x00007f582c092f10
Event: 16.277 loading class 0x00007f582c09fbc0
Event: 16.277 loading class 0x00007f582c09fbc0 done
Event: 16.277 loading class 0x00007f582c09fd20
Event: 16.277 loading class 0x00007f582c09fd20 done
Event: 16.277 loading class 0x00007f582c092f10 done
Event: 16.278 Thread 0x00007f57f8002800 Thread exited: 0x00007f57f8002800
Event: 16.278 Thread 0x00007f5888098000 Thread exited: 0x00007f5888098000
Event: 16.278 Executing VM operation: Exit


Dynamic libraries:
00400000-00401000 r-xp 00000000 08:03 2099563                            /usr/pkg/java/sun-7/bin/java
00600000-00601000 rw-p 00000000 08:03 2099563                            /usr/pkg/java/sun-7/bin/java
00c85000-00ca6000 rw-p 00000000 00:00 0                                  [heap]
77ee00000-780300000 rw-p 00000000 00:00 0 
780300000-784000000 rw-p 00000000 00:00 0 
784000000-789280000 rw-p 00000000 00:00 0 
789280000-7d6a80000 rw-p 00000000 00:00 0 
7d6a80000-7d9400000 rw-p 00000000 00:00 0 
7d9400000-800000000 rw-p 00000000 00:00 0 
7f57e4000000-7f57e4022000 rw-p 00000000 00:00 0 
7f57e4022000-7f57e8000000 ---p 00000000 00:00 0 
7f57e8000000-7f57e8022000 rw-p 00000000 00:00 0 
7f57e8022000-7f57ec000000 ---p 00000000 00:00 0 
7f57ec000000-7f57ec022000 rw-p 00000000 00:00 0 
7f57ec022000-7f57f0000000 ---p 00000000 00:00 0 
7f57f0000000-7f57f0022000 rw-p 00000000 00:00 0 
7f57f0022000-7f57f4000000 ---p 00000000 00:00 0 
7f57f4000000-7f57f4022000 rw-p 00000000 00:00 0 
7f57f4022000-7f57f8000000 ---p 00000000 00:00 0 
7f57f8000000-7f57f8022000 rw-p 00000000 00:00 0 
7f57f8022000-7f57fc000000 ---p 00000000 00:00 0 
7f57fc000000-7f57fc022000 rw-p 00000000 00:00 0 
7f57fc022000-7f5800000000 ---p 00000000 00:00 0 
7f5800000000-7f5800022000 rw-p 00000000 00:00 0 
7f5800022000-7f5804000000 ---p 00000000 00:00 0 
7f5804000000-7f5804022000 rw-p 00000000 00:00 0 
7f5804022000-7f5808000000 ---p 00000000 00:00 0 
7f5808000000-7f5808022000 rw-p 00000000 00:00 0 
7f5808022000-7f580c000000 ---p 00000000 00:00 0 
7f580c000000-7f580c021000 rw-p 00000000 00:00 0 
7f580c021000-7f5810000000 ---p 00000000 00:00 0 
7f5810000000-7f5810021000 rw-p 00000000 00:00 0 
7f5810021000-7f5814000000 ---p 00000000 00:00 0 
7f5814000000-7f5814021000 rw-p 00000000 00:00 0 
7f5814021000-7f5818000000 ---p 00000000 00:00 0 
7f5818000000-7f58181c1000 rw-p 00000000 00:00 0 
7f58181c1000-7f581c000000 ---p 00000000 00:00 0 
7f581c000000-7f581c021000 rw-p 00000000 00:00 0 
7f581c021000-7f5820000000 ---p 00000000 00:00 0 
7f5820000000-7f5820021000 rw-p 00000000 00:00 0 
7f5820021000-7f5824000000 ---p 00000000 00:00 0 
7f5824000000-7f5824021000 rw-p 00000000 00:00 0 
7f5824021000-7f5828000000 ---p 00000000 00:00 0 
7f5828000000-7f5828021000 rw-p 00000000 00:00 0 
7f5828021000-7f582c000000 ---p 00000000 00:00 0 
7f582c000000-7f582c129000 rw-p 00000000 00:00 0 
7f582c129000-7f5830000000 ---p 00000000 00:00 0 
7f5830000000-7f58300f6000 rw-p 00000000 00:00 0 
7f58300f6000-7f5834000000 ---p 00000000 00:00 0 
7f5834000000-7f5834021000 rw-p 00000000 00:00 0 
7f5834021000-7f5838000000 ---p 00000000 00:00 0 
7f5838000000-7f5838021000 rw-p 00000000 00:00 0 
7f5838021000-7f583c000000 ---p 00000000 00:00 0 
7f583c000000-7f583c021000 rw-p 00000000 00:00 0 
7f583c021000-7f5840000000 ---p 00000000 00:00 0 
7f5843f70000-7f5848000000 rw-p 00000000 00:00 0 
7f5848000000-7f5848021000 rw-p 00000000 00:00 0 
7f5848021000-7f584c000000 ---p 00000000 00:00 0 
7f584c000000-7f584c021000 rw-p 00000000 00:00 0 
7f584c021000-7f5850000000 ---p 00000000 00:00 0 
7f5850000000-7f5850021000 rw-p 00000000 00:00 0 
7f5850021000-7f5854000000 ---p 00000000 00:00 0 
7f5858000000-7f5858021000 rw-p 00000000 00:00 0 
7f5858021000-7f585c000000 ---p 00000000 00:00 0 
7f585e7fd000-7f585e7fe000 ---p 00000000 00:00 0 
7f585e7fe000-7f585effe000 rw-p 00000000 00:00 0 
7f585effe000-7f585efff000 ---p 00000000 00:00 0 
7f585efff000-7f585f7ff000 rw-p 00000000 00:00 0                          [stack:21535]
7f5860000000-7f5860021000 rw-p 00000000 00:00 0 
7f5860021000-7f5864000000 ---p 00000000 00:00 0 
7f586456e000-7f586456f000 ---p 00000000 00:00 0 
7f586456f000-7f5864d6f000 rw-p 00000000 00:00 0 
7f5864d6f000-7f5864d70000 ---p 00000000 00:00 0 
7f5864d70000-7f5865570000 rw-p 00000000 00:00 0 
7f5865570000-7f5866f6a000 r-xp 00000000 08:03 1229130                    /usr/lib/libnvidia-glcore.so.352.09
7f5866f6a000-7f5866f8a000 rwxp 019fa000 08:03 1229130                    /usr/lib/libnvidia-glcore.so.352.09
7f5866f8a000-7f5867251000 r-xp 01a1a000 08:03 1229130                    /usr/lib/libnvidia-glcore.so.352.09
7f5867251000-7f5867451000 ---p 01ce1000 08:03 1229130                    /usr/lib/libnvidia-glcore.so.352.09
7f5867451000-7f5867fed000 rw-p 01ce1000 08:03 1229130                    /usr/lib/libnvidia-glcore.so.352.09
7f5867fed000-7f5868000000 rw-p 00000000 00:00 0 
7f5868000000-7f5868021000 rw-p 00000000 00:00 0 
7f5868021000-7f586c000000 ---p 00000000 00:00 0 
7f586cb73000-7f586cb74000 ---p 00000000 00:00 0 
7f586cb74000-7f586d374000 rw-p 00000000 00:00 0 
7f586da74000-7f586da77000 ---p 00000000 00:00 0 
7f586da77000-7f586db75000 rw-p 00000000 00:00 0 
7f586db75000-7f586db76000 ---p 00000000 00:00 0 
7f586db76000-7f586e376000 rw-p 00000000 00:00 0                          [stack:21519]
7f586e376000-7f586e379000 ---p 00000000 00:00 0 
7f586e379000-7f586e477000 rw-p 00000000 00:00 0                          [stack:21518]
7f586e477000-7f586e47a000 ---p 00000000 00:00 0 
7f586e47a000-7f586e578000 rw-p 00000000 00:00 0                          [stack:21538]
7f586e578000-7f586e57b000 r-xp 00000000 08:03 1229139                    /usr/lib/libnvidia-tls.so.352.09
7f586e57b000-7f586e77a000 ---p 00003000 08:03 1229139                    /usr/lib/libnvidia-tls.so.352.09
7f586e77a000-7f586e77b000 rw-p 00002000 08:03 1229139                    /usr/lib/libnvidia-tls.so.352.09
7f586e77b000-7f586e7e9000 r-xp 00000000 08:03 1229133                    /usr/lib/libnvidia-glsi.so.352.09
7f586e7e9000-7f586e9e8000 ---p 0006e000 08:03 1229133                    /usr/lib/libnvidia-glsi.so.352.09
7f586e9e8000-7f586e9f1000 rw-p 0006d000 08:03 1229133                    /usr/lib/libnvidia-glsi.so.352.09
7f586e9f1000-7f586e9ff000 rw-p 00000000 00:00 0 
7f586e9ff000-7f586ea0e000 r-xp 00000000 08:03 1201488                    /usr/lib/libbz2.so.1.0.6
7f586ea0e000-7f586ec0d000 ---p 0000f000 08:03 1201488                    /usr/lib/libbz2.so.1.0.6
7f586ec0d000-7f586ec0f000 rw-p 0000e000 08:03 1201488                    /usr/lib/libbz2.so.1.0.6
7f586ec0f000-7f586ec2b000 r-xp 00000000 08:03 1216580                    /usr/lib/libgraphite2.so.3.0.1
7f586ec2b000-7f586ee2a000 ---p 0001c000 08:03 1216580                    /usr/lib/libgraphite2.so.3.0.1
7f586ee2a000-7f586ee2c000 r--p 0001b000 08:03 1216580                    /usr/lib/libgraphite2.so.3.0.1
7f586ee2c000-7f586ee2d000 rw-p 0001d000 08:03 1216580                    /usr/lib/libgraphite2.so.3.0.1
7f586ee2d000-7f586ee54000 r-xp 00000000 08:03 1187019                    /usr/lib/libexpat.so.1.6.0
7f586ee54000-7f586f053000 ---p 00027000 08:03 1187019                    /usr/lib/libexpat.so.1.6.0
7f586f053000-7f586f056000 r--p 00026000 08:03 1187019                    /usr/lib/libexpat.so.1.6.0
7f586f056000-7f586f057000 rw-p 00029000 08:03 1187019                    /usr/lib/libexpat.so.1.6.0
7f586f057000-7f586f06b000 r-xp 00000000 08:03 1232396                    /usr/lib/libresolv-2.21.so
7f586f06b000-7f586f26a000 ---p 00014000 08:03 1232396                    /usr/lib/libresolv-2.21.so
7f586f26a000-7f586f26b000 r--p 00013000 08:03 1232396                    /usr/lib/libresolv-2.21.so
7f586f26b000-7f586f26c000 rw-p 00014000 08:03 1232396                    /usr/lib/libresolv-2.21.so
7f586f26c000-7f586f26e000 rw-p 00000000 00:00 0 
7f586f26e000-7f586f276000 r-xp 00000000 08:03 1229031                    /usr/lib/libffi.so.6.0.4
7f586f276000-7f586f475000 ---p 00008000 08:03 1229031                    /usr/lib/libffi.so.6.0.4
7f586f475000-7f586f476000 r--p 00007000 08:03 1229031                    /usr/lib/libffi.so.6.0.4
7f586f476000-7f586f477000 rw-p 00008000 08:03 1229031                    /usr/lib/libffi.so.6.0.4
7f586f477000-7f586f534000 r-xp 00000000 08:03 2638708                    /usr/lib/nvidia/libGL.so.352.09
7f586f534000-7f586f567000 rwxp 000bd000 08:03 2638708                    /usr/lib/nvidia/libGL.so.352.09
7f586f567000-7f586f579000 r-xp 000f0000 08:03 2638708                    /usr/lib/nvidia/libGL.so.352.09
7f586f579000-7f586f778000 ---p 00102000 08:03 2638708                    /usr/lib/nvidia/libGL.so.352.09
7f586f778000-7f586f79f000 rw-p 00101000 08:03 2638708                    /usr/lib/nvidia/libGL.so.352.09
7f586f79f000-7f586f7a6000 rw-p 00000000 00:00 0 
7f586f7a6000-7f586f7bb000 r-xp 00000000 08:03 1187354                    /usr/lib/libz.so.1.2.8
7f586f7bb000-7f586f9ba000 ---p 00015000 08:03 1187354                    /usr/lib/libz.so.1.2.8
7f586f9ba000-7f586f9bb000 r--p 00014000 08:03 1187354                    /usr/lib/libz.so.1.2.8
7f586f9bb000-7f586f9bc000 rw-p 00015000 08:03 1187354                    /usr/lib/libz.so.1.2.8
7f586f9bc000-7f586f9c5000 r-xp 00000000 08:03 1187330                    /usr/lib/libxcb-render.so.0.0.0
7f586f9c5000-7f586fbc4000 ---p 00009000 08:03 1187330                    /usr/lib/libxcb-render.so.0.0.0
7f586fbc4000-7f586fbc5000 r--p 00008000 08:03 1187330                    /usr/lib/libxcb-render.so.0.0.0
7f586fbc5000-7f586fbc6000 rw-p 00009000 08:03 1187330                    /usr/lib/libxcb-render.so.0.0.0
7f586fbc6000-7f586fbc8000 r-xp 00000000 08:03 1212529                    /usr/lib/libxcb-shm.so.0.0.0
7f586fbc8000-7f586fdc8000 ---p 00002000 08:03 1212529                    /usr/lib/libxcb-shm.so.0.0.0
7f586fdc8000-7f586fdc9000 r--p 00002000 08:03 1212529                    /usr/lib/libxcb-shm.so.0.0.0
7f586fdc9000-7f586fdca000 rw-p 00003000 08:03 1212529                    /usr/lib/libxcb-shm.so.0.0.0
7f586fdca000-7f586fdff000 r-xp 00000000 08:03 1231495                    /usr/lib/libpng16.so.16.16.0
7f586fdff000-7f586fffe000 ---p 00035000 08:03 1231495                    /usr/lib/libpng16.so.16.16.0
7f586fffe000-7f586ffff000 r--p 00034000 08:03 1231495                    /usr/lib/libpng16.so.16.16.0
7f586ffff000-7f5870000000 rw-p 00035000 08:03 1231495                    /usr/lib/libpng16.so.16.16.0
7f5870000000-7f5870021000 rw-p 00000000 00:00 0 
7f5870021000-7f5874000000 ---p 00000000 00:00 0 
7f587401a000-7f587407a000 rw-s 00000000 00:05 147554361                  /SYSV00000000 (deleted)
7f587407a000-7f5874089000 r--p 00000000 08:03 1890480                    /usr/pkg/share/fonts/X11/TTF/VeraBd.ttf
7f5874089000-7f587409a000 r--p 00000000 08:03 1890478                    /usr/pkg/share/fonts/X11/TTF/Vera.ttf
7f587409a000-7f58740b2000 r--s 00000000 08:03 1726877                    /var/cache/fontconfig/1d7b0c46617f1b0eca6ca6e0f7dca9b0-le64.cache-4
7f58740b2000-7f587416f000 r-xp 00000000 08:03 2638707                    /usr/lib/nvidia/libEGL.so.352.09
7f587416f000-7f587436f000 ---p 000bd000 08:03 2638707                    /usr/lib/nvidia/libEGL.so.352.09
7f587436f000-7f5874396000 rw-p 000bd000 08:03 2638707                    /usr/lib/nvidia/libEGL.so.352.09
7f5874396000-7f58743aa000 rw-p 00000000 00:00 0 
7f58743aa000-7f587444f000 r-xp 00000000 08:03 1211177                    /usr/lib/libpixman-1.so.0.32.6
7f587444f000-7f587464e000 ---p 000a5000 08:03 1211177                    /usr/lib/libpixman-1.so.0.32.6
7f587464e000-7f5874656000 r--p 000a4000 08:03 1211177                    /usr/lib/libpixman-1.so.0.32.6
7f5874656000-7f5874657000 rw-p 000ac000 08:03 1211177                    /usr/lib/libpixman-1.so.0.32.6
7f5874657000-7f587470d000 r-xp 00000000 08:03 1216551                    /usr/lib/libfreetype.so.6.11.4
7f587470d000-7f587490d000 ---p 000b6000 08:03 1216551                    /usr/lib/libfreetype.so.6.11.4
7f587490d000-7f5874913000 r--p 000b6000 08:03 1216551                    /usr/lib/libfreetype.so.6.11.4
7f5874913000-7f5874914000 rw-p 000bc000 08:03 1216551                    /usr/lib/libfreetype.so.6.11.4
7f5874914000-7f587496e000 r-xp 00000000 08:03 1229073                    /usr/lib/libharfbuzz.so.0.940.0
7f587496e000-7f5874b6d000 ---p 0005a000 08:03 1229073                    /usr/lib/libharfbuzz.so.0.940.0
7f5874b6d000-7f5874b70000 r--p 00059000 08:03 1229073                    /usr/lib/libharfbuzz.so.0.940.0
7f5874b70000-7f5874b71000 rw-p 0005c000 08:03 1229073                    /usr/lib/libharfbuzz.so.0.940.0
7f5874b71000-7f5874b72000 r-xp 00000000 08:03 1208937                    /usr/lib/libgthread-2.0.so.0.4400.1
7f5874b72000-7f5874d71000 ---p 00001000 08:03 1208937                    /usr/lib/libgthread-2.0.so.0.4400.1
7f5874d71000-7f5874d72000 r--p 00000000 08:03 1208937                    /usr/lib/libgthread-2.0.so.0.4400.1
7f5874d72000-7f5874d73000 rw-p 00001000 08:03 1208937                    /usr/lib/libgthread-2.0.so.0.4400.1
7f5874d73000-7f5874de1000 r-xp 00000000 08:03 1211170                    /usr/lib/libpcre.so.1.2.5
7f5874de1000-7f5874fe1000 ---p 0006e000 08:03 1211170                    /usr/lib/libpcre.so.1.2.5
7f5874fe1000-7f5874fe2000 r--p 0006e000 08:03 1211170                    /usr/lib/libpcre.so.1.2.5
7f5874fe2000-7f5874fe3000 rw-p 0006f000 08:03 1211170                    /usr/lib/libpcre.so.1.2.5
7f5874fe3000-7f5874fe5000 r-xp 00000000 08:03 1204077                    /usr/lib/libXdamage.so.1.1.0
7f5874fe5000-7f58751e4000 ---p 00002000 08:03 1204077                    /usr/lib/libXdamage.so.1.1.0
7f58751e4000-7f58751e5000 r--p 00001000 08:03 1204077                    /usr/lib/libXdamage.so.1.1.0
7f58751e5000-7f58751e6000 rw-p 00002000 08:03 1204077                    /usr/lib/libXdamage.so.1.1.0
7f58751e6000-7f58751e8000 r-xp 00000000 08:03 1204076                    /usr/lib/libXcomposite.so.1.0.0
7f58751e8000-7f58753e7000 ---p 00002000 08:03 1204076                    /usr/lib/libXcomposite.so.1.0.0
7f58753e7000-7f58753e8000 r--p 00001000 08:03 1204076                    /usr/lib/libXcomposite.so.1.0.0
7f58753e8000-7f58753e9000 rw-p 00002000 08:03 1204076                    /usr/lib/libXcomposite.so.1.0.0
7f58753e9000-7f58753f3000 r-xp 00000000 08:03 1211138                    /usr/lib/libXrandr.so.2.2.0
7f58753f3000-7f58755f2000 ---p 0000a000 08:03 1211138                    /usr/lib/libXrandr.so.2.2.0
7f58755f2000-7f58755f3000 r--p 00009000 08:03 1211138                    /usr/lib/libXrandr.so.2.2.0
7f58755f3000-7f58755f4000 rw-p 0000a000 08:03 1211138                    /usr/lib/libXrandr.so.2.2.0
7f58755f4000-7f58755f6000 r-xp 00000000 08:03 1186761                    /usr/lib/libXinerama.so.1.0.0
7f58755f6000-7f58757f5000 ---p 00002000 08:03 1186761                    /usr/lib/libXinerama.so.1.0.0
7f58757f5000-7f58757f6000 r--p 00001000 08:03 1186761                    /usr/lib/libXinerama.so.1.0.0
7f58757f6000-7f58757f7000 rw-p 00002000 08:03 1186761                    /usr/lib/libXinerama.so.1.0.0
7f58757f7000-7f5875832000 r-xp 00000000 08:03 1208230                    /usr/lib/libfontconfig.so.1.8.0
7f5875832000-7f5875a31000 ---p 0003b000 08:03 1208230                    /usr/lib/libfontconfig.so.1.8.0
7f5875a31000-7f5875a33000 r--p 0003a000 08:03 1208230                    /usr/lib/libfontconfig.so.1.8.0
7f5875a33000-7f5875a34000 rw-p 0003c000 08:03 1208230                    /usr/lib/libfontconfig.so.1.8.0
7f5875a34000-7f5875b40000 r-xp 00000000 08:03 1229047                    /usr/lib/libglib-2.0.so.0.4400.1
7f5875b40000-7f5875d3f000 ---p 0010c000 08:03 1229047                    /usr/lib/libglib-2.0.so.0.4400.1
7f5875d3f000-7f5875d40000 r--p 0010b000 08:03 1229047                    /usr/lib/libglib-2.0.so.0.4400.1
7f5875d40000-7f5875d41000 rw-p 0010c000 08:03 1229047                    /usr/lib/libglib-2.0.so.0.4400.1
7f5875d41000-7f5875d42000 rw-p 00000000 00:00 0 
7f5875d42000-7f5875d91000 r-xp 00000000 08:03 1208927                    /usr/lib/libgobject-2.0.so.0.4400.1
7f5875d91000-7f5875f91000 ---p 0004f000 08:03 1208927                    /usr/lib/libgobject-2.0.so.0.4400.1
7f5875f91000-7f5875f92000 r--p 0004f000 08:03 1208927                    /usr/lib/libgobject-2.0.so.0.4400.1
7f5875f92000-7f5875f93000 rw-p 00050000 08:03 1208927                    /usr/lib/libgobject-2.0.so.0.4400.1
7f5875f93000-7f5875fdc000 r-xp 00000000 08:03 1211163                    /usr/lib/libpango-1.0.so.0.3600.8
7f5875fdc000-7f58761dc000 ---p 00049000 08:03 1211163                    /usr/lib/libpango-1.0.so.0.3600.8
7f58761dc000-7f58761de000 r--p 00049000 08:03 1211163                    /usr/lib/libpango-1.0.so.0.3600.8
7f58761de000-7f58761df000 rw-p 0004b000 08:03 1211163                    /usr/lib/libpango-1.0.so.0.3600.8
7f58761df000-7f58761f3000 r-xp 00000000 08:03 1211165                    /usr/lib/libpangoft2-1.0.so.0.3600.8
7f58761f3000-7f58763f3000 ---p 00014000 08:03 1211165                    /usr/lib/libpangoft2-1.0.so.0.3600.8
7f58763f3000-7f58763f4000 r--p 00014000 08:03 1211165                    /usr/lib/libpangoft2-1.0.so.0.3600.8
7f58763f4000-7f58763f5000 rw-p 00015000 08:03 1211165                    /usr/lib/libpangoft2-1.0.so.0.3600.8
7f58763f5000-7f587656b000 r-xp 00000000 08:03 1208862                    /usr/lib/libgio-2.0.so.0.4400.1
7f587656b000-7f587676b000 ---p 00176000 08:03 1208862                    /usr/lib/libgio-2.0.so.0.4400.1
7f587676b000-7f587676f000 r--p 00176000 08:03 1208862                    /usr/lib/libgio-2.0.so.0.4400.1
7f587676f000-7f5876771000 rw-p 0017a000 08:03 1208862                    /usr/lib/libgio-2.0.so.0.4400.1
7f5876771000-7f5876773000 rw-p 00000000 00:00 0 
7f5876773000-7f5876797000 r-xp 00000000 08:03 1229038                    /usr/lib/libgdk_pixbuf-2.0.so.0.3100.4
7f5876797000-7f5876997000 ---p 00024000 08:03 1229038                    /usr/lib/libgdk_pixbuf-2.0.so.0.3100.4
7f5876997000-7f5876998000 r--p 00024000 08:03 1229038                    /usr/lib/libgdk_pixbuf-2.0.so.0.3100.4
7f5876998000-7f5876999000 rw-p 00025000 08:03 1229038                    /usr/lib/libgdk_pixbuf-2.0.so.0.3100.4
7f5876999000-7f5876ac3000 r-xp 00000000 08:03 1211205                    /usr/lib/libcairo.so.2.11400.2
7f5876ac3000-7f5876cc3000 ---p 0012a000 08:03 1211205                    /usr/lib/libcairo.so.2.11400.2
7f5876cc3000-7f5876cc6000 r--p 0012a000 08:03 1211205                    /usr/lib/libcairo.so.2.11400.2
7f5876cc6000-7f5876cc8000 rw-p 0012d000 08:03 1211205                    /usr/lib/libcairo.so.2.11400.2
7f5876cc8000-7f5876cc9000 rw-p 00000000 00:00 0 
7f5876cc9000-7f5876cec000 r-xp 00000000 08:03 1211149                    /usr/lib/libatk-1.0.so.0.21609.1
7f5876cec000-7f5876eeb000 ---p 00023000 08:03 1211149                    /usr/lib/libatk-1.0.so.0.21609.1
7f5876eeb000-7f5876eee000 r--p 00022000 08:03 1211149                    /usr/lib/libatk-1.0.so.0.21609.1
7f5876eee000-7f5876eef000 rw-p 00025000 08:03 1211149                    /usr/lib/libatk-1.0.so.0.21609.1
7f5876eef000-7f5876efb000 r-xp 00000000 08:03 1211164                    /usr/lib/libpangocairo-1.0.so.0.3600.8
7f5876efb000-7f58770fa000 ---p 0000c000 08:03 1211164                    /usr/lib/libpangocairo-1.0.so.0.3600.8
7f58770fa000-7f58770fb000 r--p 0000b000 08:03 1211164                    /usr/lib/libpangocairo-1.0.so.0.3600.8
7f58770fb000-7f58770fc000 rw-p 0000c000 08:03 1211164                    /usr/lib/libpangocairo-1.0.so.0.3600.8
7f58770fc000-7f58770ff000 r-xp 00000000 08:03 1229053                    /usr/lib/libgmodule-2.0.so.0.4400.1
7f58770ff000-7f58772fe000 ---p 00003000 08:03 1229053                    /usr/lib/libgmodule-2.0.so.0.4400.1
7f58772fe000-7f58772ff000 r--p 00002000 08:03 1229053                    /usr/lib/libgmodule-2.0.so.0.4400.1
7f58772ff000-7f5877300000 rw-p 00003000 08:03 1229053                    /usr/lib/libgmodule-2.0.so.0.4400.1
7f5877300000-7f58773b0000 r-xp 00000000 08:03 1229037                    /usr/lib/libgdk-x11-2.0.so.0.2400.28
7f58773b0000-7f58775b0000 ---p 000b0000 08:03 1229037                    /usr/lib/libgdk-x11-2.0.so.0.2400.28
7f58775b0000-7f58775b4000 r--p 000b0000 08:03 1229037                    /usr/lib/libgdk-x11-2.0.so.0.2400.28
7f58775b4000-7f58775b6000 rw-p 000b4000 08:03 1229037                    /usr/lib/libgdk-x11-2.0.so.0.2400.28
7f58775b6000-7f58779ea000 r-xp 00000000 08:03 1229067                    /usr/lib/libgtk-x11-2.0.so.0.2400.28
7f58779ea000-7f5877bea000 ---p 00434000 08:03 1229067                    /usr/lib/libgtk-x11-2.0.so.0.2400.28
7f5877bea000-7f5877bf1000 r--p 00434000 08:03 1229067                    /usr/lib/libgtk-x11-2.0.so.0.2400.28
7f5877bf1000-7f5877bf5000 rw-p 0043b000 08:03 1229067                    /usr/lib/libgtk-x11-2.0.so.0.2400.28
7f5877bf5000-7f5877bf8000 rw-p 00000000 00:00 0 
7f5877bf8000-7f5877bfb000 ---p 00000000 00:00 0 
7f5877bfb000-7f5877cf9000 rw-p 00000000 00:00 0                          [stack:21516]
7f5877cf9000-7f5877cfc000 ---p 00000000 00:00 0 
7f5877cfc000-7f5877dfa000 rw-p 00000000 00:00 0                          [stack:21515]
7f5877dfa000-7f5877dff000 r-xp 00000000 08:03 1186763                    /usr/lib/libXfixes.so.3.1.0
7f5877dff000-7f5877ffe000 ---p 00005000 08:03 1186763                    /usr/lib/libXfixes.so.3.1.0
7f5877ffe000-7f5877fff000 r--p 00004000 08:03 1186763                    /usr/lib/libXfixes.so.3.1.0
7f5877fff000-7f5878000000 rw-p 00005000 08:03 1186763                    /usr/lib/libXfixes.so.3.1.0
7f5878000000-7f5878021000 rw-p 00000000 00:00 0 
7f5878021000-7f587c000000 ---p 00000000 00:00 0 
7f587c000000-7f587c00d000 r--p 00000000 08:03 1895355                    /usr/pkg/share/fonts/X11/TTF/VeraMono.ttf
7f587c00d000-7f587c02c000 r--s 00000000 08:03 1726876                    /var/cache/fontconfig/b505adbf72d7253408dd67084a8aa967-le64.cache-4
7f587c02c000-7f587c037000 r--s 00000000 08:03 1726875                    /var/cache/fontconfig/e9c2667bc8bbea9eafa19fce65b455ac-le64.cache-4
7f587c037000-7f587c04e000 r--s 00000000 08:03 1726872                    /var/cache/fontconfig/3f408fca50168b3a1394c470b5d856b5-le64.cache-4
7f587c04e000-7f587c056000 r--s 00000000 08:03 1733079                    /var/cache/fontconfig/4ab95304cd7073eb6f749709dedfefb0-le64.cache-4
7f587c056000-7f587c0a2000 r--s 00000000 08:03 1726870                    /var/cache/fontconfig/c94fc4589f4e4f179bb7abc5ef634560-le64.cache-4
7f587c0a2000-7f587c0bf000 r--s 00000000 08:03 1207074                    /usr/share/mime/mime.cache
7f587c0bf000-7f587c0e2000 r--s 00000000 08:03 1839015                    /usr/pkg/share/mime/mime.cache
7f587c0e2000-7f587c0e9000 r--p 00000000 08:03 2248315                    /usr/pkg/share/icons/hicolor/icon-theme.cache
7f587c0e9000-7f587c0f3000 r-xp 00000000 08:03 1186752                    /usr/lib/libXcursor.so.1.0.2
7f587c0f3000-7f587c2f2000 ---p 0000a000 08:03 1186752                    /usr/lib/libXcursor.so.1.0.2
7f587c2f2000-7f587c2f3000 r--p 00009000 08:03 1186752                    /usr/lib/libXcursor.so.1.0.2
7f587c2f3000-7f587c2f4000 rw-p 0000a000 08:03 1186752                    /usr/lib/libXcursor.so.1.0.2
7f587c2f4000-7f587c2f7000 ---p 00000000 00:00 0 
7f587c2f7000-7f587c3f5000 rw-p 00000000 00:00 0                          [stack:21514]
7f587c3f5000-7f587c3fa000 r-xp 00000000 08:03 1186757                    /usr/lib/libXdmcp.so.6.0.0
7f587c3fa000-7f587c5f9000 ---p 00005000 08:03 1186757                    /usr/lib/libXdmcp.so.6.0.0
7f587c5f9000-7f587c5fa000 r--p 00004000 08:03 1186757                    /usr/lib/libXdmcp.so.6.0.0
7f587c5fa000-7f587c5fb000 rw-p 00005000 08:03 1186757                    /usr/lib/libXdmcp.so.6.0.0
7f587c5fb000-7f587c5fd000 r-xp 00000000 08:03 1216488                    /usr/lib/libXau.so.6.0.0
7f587c5fd000-7f587c7fd000 ---p 00002000 08:03 1216488                    /usr/lib/libXau.so.6.0.0
7f587c7fd000-7f587c7fe000 r--p 00002000 08:03 1216488                    /usr/lib/libXau.so.6.0.0
7f587c7fe000-7f587c7ff000 rw-p 00003000 08:03 1216488                    /usr/lib/libXau.so.6.0.0
7f587c7ff000-7f587c820000 r-xp 00000000 08:03 1187346                    /usr/lib/libxcb.so.1.1.0
7f587c820000-7f587ca1f000 ---p 00021000 08:03 1187346                    /usr/lib/libxcb.so.1.1.0
7f587ca1f000-7f587ca20000 r--p 00020000 08:03 1187346                    /usr/lib/libxcb.so.1.1.0
7f587ca20000-7f587ca21000 rw-p 00021000 08:03 1187346                    /usr/lib/libxcb.so.1.1.0
7f587ca21000-7f587ca30000 r-xp 00000000 08:03 1204104                    /usr/lib/libXi.so.6.1.0
7f587ca30000-7f587cc30000 ---p 0000f000 08:03 1204104                    /usr/lib/libXi.so.6.1.0
7f587cc30000-7f587cc31000 r--p 0000f000 08:03 1204104                    /usr/lib/libXi.so.6.1.0
7f587cc31000-7f587cc32000 rw-p 00010000 08:03 1204104                    /usr/lib/libXi.so.6.1.0
7f587cc32000-7f587cc37000 r-xp 00000000 08:03 1186776                    /usr/lib/libXtst.so.6.1.0
7f587cc37000-7f587ce36000 ---p 00005000 08:03 1186776                    /usr/lib/libXtst.so.6.1.0
7f587ce36000-7f587ce37000 r--p 00004000 08:03 1186776                    /usr/lib/libXtst.so.6.1.0
7f587ce37000-7f587ce38000 rw-p 00005000 08:03 1186776                    /usr/lib/libXtst.so.6.1.0
7f587ce38000-7f587ce41000 r-xp 00000000 08:03 1211139                    /usr/lib/libXrender.so.1.3.0
7f587ce41000-7f587d040000 ---p 00009000 08:03 1211139                    /usr/lib/libXrender.so.1.3.0
7f587d040000-7f587d041000 r--p 00008000 08:03 1211139                    /usr/lib/libXrender.so.1.3.0
7f587d041000-7f587d042000 rw-p 00009000 08:03 1211139                    /usr/lib/libXrender.so.1.3.0
7f587d042000-7f587d17d000 r-xp 00000000 08:03 1204064                    /usr/lib/libX11.so.6.3.0
7f587d17d000-7f587d37c000 ---p 0013b000 08:03 1204064                    /usr/lib/libX11.so.6.3.0
7f587d37c000-7f587d37e000 r--p 0013a000 08:03 1204064                    /usr/lib/libX11.so.6.3.0
7f587d37e000-7f587d383000 rw-p 0013c000 08:03 1204064                    /usr/lib/libX11.so.6.3.0
7f587d383000-7f587d384000 rw-p 00000000 00:00 0 
7f587d384000-7f587d395000 r-xp 00000000 08:03 1186760                    /usr/lib/libXext.so.6.4.0
7f587d395000-7f587d594000 ---p 00011000 08:03 1186760                    /usr/lib/libXext.so.6.4.0
7f587d594000-7f587d595000 r--p 00010000 08:03 1186760                    /usr/lib/libXext.so.6.4.0
7f587d595000-7f587d596000 rw-p 00011000 08:03 1186760                    /usr/lib/libXext.so.6.4.0
7f587d596000-7f587d5e6000 r-xp 00000000 08:03 2100607                    /usr/pkg/java/sun-7/jre/lib/amd64/xawt/libmawt.so
7f587d5e6000-7f587d7e6000 ---p 00050000 08:03 2100607                    /usr/pkg/java/sun-7/jre/lib/amd64/xawt/libmawt.so
7f587d7e6000-7f587d7ea000 rw-p 00050000 08:03 2100607                    /usr/pkg/java/sun-7/jre/lib/amd64/xawt/libmawt.so
7f587d7ea000-7f587d7eb000 rw-p 00000000 00:00 0 
7f587d7eb000-7f587d88d000 r-xp 00000000 08:03 2100557                    /usr/pkg/java/sun-7/jre/lib/amd64/libawt.so
7f587d88d000-7f587da8d000 ---p 000a2000 08:03 2100557                    /usr/pkg/java/sun-7/jre/lib/amd64/libawt.so
7f587da8d000-7f587da99000 rw-p 000a2000 08:03 2100557                    /usr/pkg/java/sun-7/jre/lib/amd64/libawt.so
7f587da99000-7f587dabd000 rw-p 00000000 00:00 0 
7f587dabd000-7f587dac8000 r--s 0037c000 08:03 2099673                    /usr/pkg/java/sun-7/jre/lib/charsets.jar
7f587dac8000-7f587dad0000 r--s 0019e000 00:24 3345334                    /am/st-james/home1/tranhai/Desktop/COMP422/Assignment_1/imagej-1.46.jar
7f587dad0000-7f587dad1000 ---p 00000000 00:00 0 
7f587dad1000-7f587dbd1000 rw-p 00000000 00:00 0 
7f587dbd1000-7f587dbd4000 ---p 00000000 00:00 0 
7f587dbd4000-7f587dcd2000 rw-p 00000000 00:00 0                          [stack:21512]
7f587dcd2000-7f587dcd5000 ---p 00000000 00:00 0 
7f587dcd5000-7f587ddd3000 rw-p 00000000 00:00 0                          [stack:21511]
7f587ddd3000-7f587ddd6000 ---p 00000000 00:00 0 
7f587ddd6000-7f587ded4000 rw-p 00000000 00:00 0                          [stack:21510]
7f587ded4000-7f587ded7000 ---p 00000000 00:00 0 
7f587ded7000-7f587dfd5000 rw-p 00000000 00:00 0 
7f587dfd5000-7f587e1a0000 r--p 00000000 08:03 1189355                    /usr/lib/locale/locale-archive
7f587e1a0000-7f587e1a3000 ---p 00000000 00:00 0 
7f587e1a3000-7f587e2a1000 rw-p 00000000 00:00 0                          [stack:21508]
7f587e2a1000-7f587e2a4000 ---p 00000000 00:00 0 
7f587e2a4000-7f587e3a2000 rw-p 00000000 00:00 0                          [stack:21507]
7f587e3a2000-7f587e3a3000 ---p 00000000 00:00 0 
7f587e3a3000-7f5880000000 rw-p 00000000 00:00 0                          [stack:21506]
7f5880000000-7f5880021000 rw-p 00000000 00:00 0 
7f5880021000-7f5884000000 ---p 00000000 00:00 0 
7f5884005000-7f5884137000 rw-p 00000000 00:00 0 
7f5884137000-7f58842f6000 r--s 039e5000 08:03 2100549                    /usr/pkg/java/sun-7/jre/lib/rt.jar
7f58842f6000-7f58847f8000 rw-p 00000000 00:00 0 
7f58847f8000-7f58847f9000 ---p 00000000 00:00 0 
7f58847f9000-7f58848f9000 rw-p 00000000 00:00 0                          [stack:21505]
7f58848f9000-7f58848fa000 ---p 00000000 00:00 0 
7f58848fa000-7f58849fa000 rw-p 00000000 00:00 0                          [stack:21504]
7f58849fa000-7f58849fb000 ---p 00000000 00:00 0 
7f58849fb000-7f5884afb000 rw-p 00000000 00:00 0                          [stack:21503]
7f5884afb000-7f5884afc000 ---p 00000000 00:00 0 
7f5884afc000-7f5884bfc000 rw-p 00000000 00:00 0                          [stack:21502]
7f5884bfc000-7f5884bfd000 ---p 00000000 00:00 0 
7f5884bfd000-7f5884cfd000 rw-p 00000000 00:00 0                          [stack:21501]
7f5884cfd000-7f5884cfe000 ---p 00000000 00:00 0 
7f5884cfe000-7f5884dfe000 rw-p 00000000 00:00 0                          [stack:21500]
7f5884dfe000-7f5884dff000 ---p 00000000 00:00 0 
7f5884dff000-7f5884eff000 rw-p 00000000 00:00 0                          [stack:21499]
7f5884eff000-7f5884f00000 ---p 00000000 00:00 0 
7f5884f00000-7f5885000000 rw-p 00000000 00:00 0                          [stack:21498]
7f5885000000-7f5885270000 rwxp 00000000 00:00 0 
7f5885270000-7f5888578000 rw-p 00000000 00:00 0 
7f5888578000-7f588c000000 ---p 00000000 00:00 0 
7f588c002000-7f588c056000 rw-p 00000000 00:00 0 
7f588c056000-7f588c2c2000 rw-p 00000000 00:00 0 
7f588c2c2000-7f588c2cd000 rw-p 00000000 00:00 0 
7f588c2cd000-7f588c2eb000 rw-p 00000000 00:00 0 
7f588c2eb000-7f588c315000 rw-p 00000000 00:00 0 
7f588c315000-7f588c580000 rw-p 00000000 00:00 0 
7f588c580000-7f588c595000 rw-p 00000000 00:00 0 
7f588c595000-7f588c6cb000 rw-p 00000000 00:00 0 
7f588c6cb000-7f588c6cc000 rw-p 00000000 00:00 0 
7f588c6cc000-7f588c6e6000 r-xp 00000000 08:03 2100602                    /usr/pkg/java/sun-7/jre/lib/amd64/libzip.so
7f588c6e6000-7f588c8e6000 ---p 0001a000 08:03 2100602                    /usr/pkg/java/sun-7/jre/lib/amd64/libzip.so
7f588c8e6000-7f588c8e7000 rw-p 0001a000 08:03 2100602                    /usr/pkg/java/sun-7/jre/lib/amd64/libzip.so
7f588c8e7000-7f588c8f2000 r-xp 00000000 08:03 1229117                    /usr/lib/libnss_files-2.21.so
7f588c8f2000-7f588caf2000 ---p 0000b000 08:03 1229117                    /usr/lib/libnss_files-2.21.so
7f588caf2000-7f588caf3000 r--p 0000b000 08:03 1229117                    /usr/lib/libnss_files-2.21.so
7f588caf3000-7f588caf4000 rw-p 0000c000 08:03 1229117                    /usr/lib/libnss_files-2.21.so
7f588caf4000-7f588cb1d000 r-xp 00000000 08:03 2100571                    /usr/pkg/java/sun-7/jre/lib/amd64/libjava.so
7f588cb1d000-7f588cd1d000 ---p 00029000 08:03 2100571                    /usr/pkg/java/sun-7/jre/lib/amd64/libjava.so
7f588cd1d000-7f588cd1f000 rw-p 00029000 08:03 2100571                    /usr/pkg/java/sun-7/jre/lib/amd64/libjava.so
7f588cd1f000-7f588cd2c000 r-xp 00000000 08:03 2100601                    /usr/pkg/java/sun-7/jre/lib/amd64/libverify.so
7f588cd2c000-7f588cf2b000 ---p 0000d000 08:03 2100601                    /usr/pkg/java/sun-7/jre/lib/amd64/libverify.so
7f588cf2b000-7f588cf2d000 rw-p 0000c000 08:03 2100601                    /usr/pkg/java/sun-7/jre/lib/amd64/libverify.so
7f588cf2d000-7f588cf34000 r-xp 00000000 08:03 1232398                    /usr/lib/librt-2.21.so
7f588cf34000-7f588d133000 ---p 00007000 08:03 1232398                    /usr/lib/librt-2.21.so
7f588d133000-7f588d134000 r--p 00006000 08:03 1232398                    /usr/lib/librt-2.21.so
7f588d134000-7f588d135000 rw-p 00007000 08:03 1232398                    /usr/lib/librt-2.21.so
7f588d135000-7f588d238000 r-xp 00000000 08:03 1211002                    /usr/lib/libm-2.21.so
7f588d238000-7f588d437000 ---p 00103000 08:03 1211002                    /usr/lib/libm-2.21.so
7f588d437000-7f588d438000 r--p 00102000 08:03 1211002                    /usr/lib/libm-2.21.so
7f588d438000-7f588d439000 rw-p 00103000 08:03 1211002                    /usr/lib/libm-2.21.so
7f588d439000-7f588dfa9000 r-xp 00000000 08:03 2100606                    /usr/pkg/java/sun-7/jre/lib/amd64/server/libjvm.so
7f588dfa9000-7f588e1a8000 ---p 00b70000 08:03 2100606                    /usr/pkg/java/sun-7/jre/lib/amd64/server/libjvm.so
7f588e1a8000-7f588e26d000 rw-p 00b6f000 08:03 2100606                    /usr/pkg/java/sun-7/jre/lib/amd64/server/libjvm.so
7f588e26d000-7f588e2ad000 rw-p 00000000 00:00 0 
7f588e2ad000-7f588e446000 r-xp 00000000 08:03 1211173                    /usr/lib/libc-2.21.so
7f588e446000-7f588e645000 ---p 00199000 08:03 1211173                    /usr/lib/libc-2.21.so
7f588e645000-7f588e649000 r--p 00198000 08:03 1211173                    /usr/lib/libc-2.21.so
7f588e649000-7f588e64b000 rw-p 0019c000 08:03 1211173                    /usr/lib/libc-2.21.so
7f588e64b000-7f588e64f000 rw-p 00000000 00:00 0 
7f588e64f000-7f588e652000 r-xp 00000000 08:03 1216489                    /usr/lib/libdl-2.21.so
7f588e652000-7f588e851000 ---p 00003000 08:03 1216489                    /usr/lib/libdl-2.21.so
7f588e851000-7f588e852000 r--p 00002000 08:03 1216489                    /usr/lib/libdl-2.21.so
7f588e852000-7f588e853000 rw-p 00003000 08:03 1216489                    /usr/lib/libdl-2.21.so
7f588e853000-7f588e869000 r-xp 00000000 08:03 2101245                    /usr/pkg/java/sun-7/lib/amd64/jli/libjli.so
7f588e869000-7f588ea69000 ---p 00016000 08:03 2101245                    /usr/pkg/java/sun-7/lib/amd64/jli/libjli.so
7f588ea69000-7f588ea6a000 rw-p 00016000 08:03 2101245                    /usr/pkg/java/sun-7/lib/amd64/jli/libjli.so
7f588ea6a000-7f588ea82000 r-xp 00000000 08:03 1187240                    /usr/lib/libpthread-2.21.so
7f588ea82000-7f588ec81000 ---p 00018000 08:03 1187240                    /usr/lib/libpthread-2.21.so
7f588ec81000-7f588ec82000 r--p 00017000 08:03 1187240                    /usr/lib/libpthread-2.21.so
7f588ec82000-7f588ec83000 rw-p 00018000 08:03 1187240                    /usr/lib/libpthread-2.21.so
7f588ec83000-7f588ec87000 rw-p 00000000 00:00 0 
7f588ec87000-7f588eca9000 r-xp 00000000 08:03 1186729                    /usr/lib/ld-2.21.so
7f588eca9000-7f588ecaa000 rw-p 00000000 00:00 0 
7f588ecaa000-7f588ecaf000 r--s 00000000 08:03 1726874                    /var/cache/fontconfig/fdbbe85d4d9705982898d341fddfb5a2-le64.cache-4
7f588ecaf000-7f588ecba000 rw-p 00000000 00:00 0 
7f588ecba000-7f588ecd8000 rw-p 00000000 00:00 0 
7f588ecd8000-7f588ece2000 rw-p 00000000 00:00 0 
7f588ece2000-7f588ed98000 rw-p 00000000 00:00 0 
7f588ed98000-7f588eda0000 rw-s 00000000 00:20 19095899                   /tmp/hsperfdata_tranhai/21491 (deleted)
7f588eda0000-7f588eda1000 rw-p 00000000 00:00 0 
7f588eda1000-7f588eda2000 ---p 00000000 00:00 0 
7f588eda2000-7f588eda5000 ---p 00000000 00:00 0 
7f588eda5000-7f588eea8000 rw-p 00000000 00:00 0                          [stack:21497]
7f588eea8000-7f588eea9000 r--p 00021000 08:03 1186729                    /usr/lib/ld-2.21.so
7f588eea9000-7f588eeaa000 rw-p 00022000 08:03 1186729                    /usr/lib/ld-2.21.so
7f588eeaa000-7f588eeab000 rw-p 00000000 00:00 0 
7ffcdf045000-7ffcdf066000 rw-p 00000000 00:00 0                          [stack]
7ffcdf14a000-7ffcdf14c000 r--p 00000000 00:00 0                          [vvar]
7ffcdf14c000-7ffcdf14e000 r-xp 00000000 00:00 0                          [vdso]
ffffffffff600000-ffffffffff601000 r-xp 00000000 00:00 0                  [vsyscall]

VM Arguments:
jvm_args: -Dfile.encoding=UTF-8 
java_command: ImageProcessorApp
Launcher Type: SUN_STANDARD

Environment Variables:
JAVA_HOME=/usr/pkg/java/sun-8
CLASSPATH=.:/usr/local/lib/bluej/lib/userlib/ecs100.jar
PATH=/usr/pkg/java/sun-8/bin:/usr/pkg/qt4/bin:~/Desktop\ menu/bin:/vol/x6/eXist/bin:/vol/courses/swen432/mongodb/mongodb-linux/bin:/vol/courses/swen432/mongodb/bin:/vol/courses/swen432/cassandra/ccm:/usr/pkg/java/bin:/usr/pkg/java/sun-8/bin:/usr/local/bin:/usr/pkg/bin:/bin:/usr/bin:/usr/games
LD_LIBRARY_PATH=/usr/lib:/usr/pkg/lib
SHELL=/bin/tcsh
DISPLAY=:0
HOSTTYPE=x86_64-linux
OSTYPE=linux
MACHTYPE=x86_64
OS=linux

Signal Handlers:
SIGSEGV: [libjvm.so+0x99f4a0], sa_mask[0]=0x7ffbfeff, sa_flags=0x10000004
SIGBUS: [libjvm.so+0x99f4a0], sa_mask[0]=0x7ffbfeff, sa_flags=0x10000004
SIGFPE: [libjvm.so+0x81a860], sa_mask[0]=0x7ffbfeff, sa_flags=0x10000004
SIGPIPE: SIG_IGN, sa_mask[0]=0x00001000, sa_flags=0x10000000
SIGXFSZ: [libjvm.so+0x81a860], sa_mask[0]=0x7ffbfeff, sa_flags=0x10000004
SIGILL: [libjvm.so+0x81a860], sa_mask[0]=0x7ffbfeff, sa_flags=0x10000004
SIGUSR1: SIG_DFL, sa_mask[0]=0x00000000, sa_flags=0x00000000
SIGUSR2: [libjvm.so+0x81c060], sa_mask[0]=0x00000004, sa_flags=0x10000004
SIGHUP: [libjvm.so+0x81d160], sa_mask[0]=0x7ffbfeff, sa_flags=0x10000004
SIGINT: [libjvm.so+0x81d160], sa_mask[0]=0x7ffbfeff, sa_flags=0x10000004
SIGTERM: [libjvm.so+0x81d160], sa_mask[0]=0x7ffbfeff, sa_flags=0x10000004
SIGQUIT: [libjvm.so+0x81d160], sa_mask[0]=0x7ffbfeff, sa_flags=0x10000004


---------------  S Y S T E M  ---------------

OS:Linux
uname:Linux 4.0.5-1-ARCH #1 SMP PREEMPT Sat Jun 6 18:37:49 CEST 2015 x86_64
libc:glibc 2.21 NPTL 2.21 
rlimit: STACK 8192k, CORE 0k, NPROC 31703, NOFILE 4096, AS infinity
load average:0.17 0.26 0.29

/proc/meminfo:
MemTotal:        8121504 kB
MemFree:          289968 kB
MemAvailable:     524148 kB
Buffers:           52304 kB
Cached:           431500 kB
SwapCached:       131904 kB
Active:          5871220 kB
Inactive:        1480860 kB
Active(anon):    5726900 kB
Inactive(anon):  1307672 kB
Active(file):     144320 kB
Inactive(file):   173188 kB
Unevictable:        9184 kB
Mlocked:            9184 kB
SwapTotal:       4194300 kB
SwapFree:        3059880 kB
Dirty:               132 kB
Writeback:             0 kB
AnonPages:       6780552 kB
Mapped:           350824 kB
Shmem:            159752 kB
Slab:             226652 kB
SReclaimable:     170088 kB
SUnreclaim:        56564 kB
KernelStack:       13568 kB
PageTables:        92900 kB
NFS_Unstable:         24 kB
Bounce:                0 kB
WritebackTmp:          0 kB
CommitLimit:     8255052 kB
Committed_AS:   17737316 kB
VmallocTotal:   34359738367 kB
VmallocUsed:      145316 kB
VmallocChunk:   34359589372 kB
HardwareCorrupted:     0 kB
AnonHugePages:     63488 kB
HugePages_Total:       0
HugePages_Free:        0
HugePages_Rsvd:        0
HugePages_Surp:        0
Hugepagesize:       2048 kB
DirectMap4k:     2757248 kB
DirectMap2M:     5572608 kB
DirectMap1G:     1048576 kB


CPU:total 8 (4 cores per cpu, 2 threads per core) family 6 model 60 stepping 3, cmov, cx8, fxsr, mmx, sse, sse2, sse3, ssse3, sse4.1, sse4.2, popcnt, avx, avx2, aes, erms, ht, tsc, tscinvbit

/proc/cpuinfo:
processor	: 0
vendor_id	: GenuineIntel
cpu family	: 6
model		: 60
model name	: Intel(R) Core(TM) i7-4770 CPU @ 3.40GHz
stepping	: 3
microcode	: 0x17
cpu MHz		: 3443.031
cache size	: 8192 KB
physical id	: 0
siblings	: 8
core id		: 0
cpu cores	: 4
apicid		: 0
initial apicid	: 0
fpu		: yes
fpu_exception	: yes
cpuid level	: 13
wp		: yes
flags		: fpu vme de pse tsc msr pae mce cx8 apic sep mtrr pge mca cmov pat pse36 clflush dts acpi mmx fxsr sse sse2 ss ht tm pbe syscall nx pdpe1gb rdtscp lm constant_tsc arch_perfmon pebs bts rep_good nopl xtopology nonstop_tsc aperfmperf eagerfpu pni pclmulqdq dtes64 monitor ds_cpl vmx smx est tm2 ssse3 fma cx16 xtpr pdcm pcid sse4_1 sse4_2 x2apic movbe popcnt tsc_deadline_timer aes xsave avx f16c rdrand lahf_lm abm ida arat epb pln pts dtherm tpr_shadow vnmi flexpriority ept vpid fsgsbase tsc_adjust bmi1 hle avx2 smep bmi2 erms invpcid rtm xsaveopt
bugs		:
bogomips	: 6787.61
clflush size	: 64
cache_alignment	: 64
address sizes	: 39 bits physical, 48 bits virtual
power management:

processor	: 1
vendor_id	: GenuineIntel
cpu family	: 6
model		: 60
model name	: Intel(R) Core(TM) i7-4770 CPU @ 3.40GHz
stepping	: 3
microcode	: 0x17
cpu MHz		: 3474.109
cache size	: 8192 KB
physical id	: 0
siblings	: 8
core id		: 1
cpu cores	: 4
apicid		: 2
initial apicid	: 2
fpu		: yes
fpu_exception	: yes
cpuid level	: 13
wp		: yes
flags		: fpu vme de pse tsc msr pae mce cx8 apic sep mtrr pge mca cmov pat pse36 clflush dts acpi mmx fxsr sse sse2 ss ht tm pbe syscall nx pdpe1gb rdtscp lm constant_tsc arch_perfmon pebs bts rep_good nopl xtopology nonstop_tsc aperfmperf eagerfpu pni pclmulqdq dtes64 monitor ds_cpl vmx smx est tm2 ssse3 fma cx16 xtpr pdcm pcid sse4_1 sse4_2 x2apic movbe popcnt tsc_deadline_timer aes xsave avx f16c rdrand lahf_lm abm ida arat epb pln pts dtherm tpr_shadow vnmi flexpriority ept vpid fsgsbase tsc_adjust bmi1 hle avx2 smep bmi2 erms invpcid rtm xsaveopt
bugs		:
bogomips	: 6787.61
clflush size	: 64
cache_alignment	: 64
address sizes	: 39 bits physical, 48 bits virtual
power management:

processor	: 2
vendor_id	: GenuineIntel
cpu family	: 6
model		: 60
model name	: Intel(R) Core(TM) i7-4770 CPU @ 3.40GHz
stepping	: 3
microcode	: 0x17
cpu MHz		: 3468.929
cache size	: 8192 KB
physical id	: 0
siblings	: 8
core id		: 2
cpu cores	: 4
apicid		: 4
initial apicid	: 4
fpu		: yes
fpu_exception	: yes
cpuid level	: 13
wp		: yes
flags		: fpu vme de pse tsc msr pae mce cx8 apic sep mtrr pge mca cmov pat pse36 clflush dts acpi mmx fxsr sse sse2 ss ht tm pbe syscall nx pdpe1gb rdtscp lm constant_tsc arch_perfmon pebs bts rep_good nopl xtopology nonstop_tsc aperfmperf eagerfpu pni pclmulqdq dtes64 monitor ds_cpl vmx smx est tm2 ssse3 fma cx16 xtpr pdcm pcid sse4_1 sse4_2 x2apic movbe popcnt tsc_deadline_timer aes xsave avx f16c rdrand lahf_lm abm ida arat epb pln pts dtherm tpr_shadow vnmi flexpriority ept vpid fsgsbase tsc_adjust bmi1 hle avx2 smep bmi2 erms invpcid rtm xsaveopt
bugs		:
bogomips	: 6787.61
clflush size	: 64
cache_alignment	: 64
address sizes	: 39 bits physical, 48 bits virtual
power management:

processor	: 3
vendor_id	: GenuineIntel
cpu family	: 6
model		: 60
model name	: Intel(R) Core(TM) i7-4770 CPU @ 3.40GHz
stepping	: 3
microcode	: 0x17
cpu MHz		: 3437.054
cache size	: 8192 KB
physical id	: 0
siblings	: 8
core id		: 3
cpu cores	: 4
apicid		: 6
initial apicid	: 6
fpu		: yes
fpu_exception	: yes
cpuid level	: 13
wp		: yes
flags		: fpu vme de pse tsc msr pae mce cx8 apic sep mtrr pge mca cmov pat pse36 clflush dts acpi mmx fxsr sse sse2 ss ht tm pbe syscall nx pdpe1gb rdtscp lm constant_tsc arch_perfmon pebs bts rep_good nopl xtopology nonstop_tsc aperfmperf eagerfpu pni pclmulqdq dtes64 monitor ds_cpl vmx smx est tm2 ssse3 fma cx16 xtpr pdcm pcid sse4_1 sse4_2 x2apic movbe popcnt tsc_deadline_timer aes xsave avx f16c rdrand lahf_lm abm ida arat epb pln pts dtherm tpr_shadow vnmi flexpriority ept vpid fsgsbase tsc_adjust bmi1 hle avx2 smep bmi2 erms invpcid rtm xsaveopt
bugs		:
bogomips	: 6787.61
clflush size	: 64
cache_alignment	: 64
address sizes	: 39 bits physical, 48 bits virtual
power management:

processor	: 4
vendor_id	: GenuineIntel
cpu family	: 6
model		: 60
model name	: Intel(R) Core(TM) i7-4770 CPU @ 3.40GHz
stepping	: 3
microcode	: 0x17
cpu MHz		: 3481.546
cache size	: 8192 KB
physical id	: 0
siblings	: 8
core id		: 0
cpu cores	: 4
apicid		: 1
initial apicid	: 1
fpu		: yes
fpu_exception	: yes
cpuid level	: 13
wp		: yes
flags		: fpu vme de pse tsc msr pae mce cx8 apic sep mtrr pge mca cmov pat pse36 clflush dts acpi mmx fxsr sse sse2 ss ht tm pbe syscall nx pdpe1gb rdtscp lm constant_tsc arch_perfmon pebs bts rep_good nopl xtopology nonstop_tsc aperfmperf eagerfpu pni pclmulqdq dtes64 monitor ds_cpl vmx smx est tm2 ssse3 fma cx16 xtpr pdcm pcid sse4_1 sse4_2 x2apic movbe popcnt tsc_deadline_timer aes xsave avx f16c rdrand lahf_lm abm ida arat epb pln pts dtherm tpr_shadow vnmi flexpriority ept vpid fsgsbase tsc_adjust bmi1 hle avx2 smep bmi2 erms invpcid rtm xsaveopt
bugs		:
bogomips	: 6787.61
clflush size	: 64
cache_alignment	: 64
address sizes	: 39 bits physical, 48 bits virtual
power management:

processor	: 5
vendor_id	: GenuineIntel
cpu family	: 6
model		: 60
model name	: Intel(R) Core(TM) i7-4770 CPU @ 3.40GHz
stepping	: 3
microcode	: 0x17
cpu MHz		: 3603.335
cache size	: 8192 KB
physical id	: 0
siblings	: 8
core id		: 1
cpu cores	: 4
apicid		: 3
initial apicid	: 3
fpu		: yes
fpu_exception	: yes
cpuid level	: 13
wp		: yes
flags		: fpu vme de pse tsc msr pae mce cx8 apic sep mtrr pge mca cmov pat pse36 clflush dts acpi mmx fxsr sse sse2 ss ht tm pbe syscall nx pdpe1gb rdtscp lm constant_tsc arch_perfmon pebs bts rep_good nopl xtopology nonstop_tsc aperfmperf eagerfpu pni pclmulqdq dtes64 monitor ds_cpl vmx smx est tm2 ssse3 fma cx16 xtpr pdcm pcid sse4_1 sse4_2 x2apic movbe popcnt tsc_deadline_timer aes xsave avx f16c rdrand lahf_lm abm ida arat epb pln pts dtherm tpr_shadow vnmi flexpriority ept vpid fsgsbase tsc_adjust bmi1 hle avx2 smep bmi2 erms invpcid rtm xsaveopt
bugs		:
bogomips	: 6787.61
clflush size	: 64
cache_alignment	: 64
address sizes	: 39 bits physical, 48 bits virtual
power management:

processor	: 6
vendor_id	: GenuineIntel
cpu family	: 6
model		: 60
model name	: Intel(R) Core(TM) i7-4770 CPU @ 3.40GHz
stepping	: 3
microcode	: 0x17
cpu MHz		: 3399.601
cache size	: 8192 KB
physical id	: 0
siblings	: 8
core id		: 2
cpu cores	: 4
apicid		: 5
initial apicid	: 5
fpu		: yes
fpu_exception	: yes
cpuid level	: 13
wp		: yes
flags		: fpu vme de pse tsc msr pae mce cx8 apic sep mtrr pge mca cmov pat pse36 clflush dts acpi mmx fxsr sse sse2 ss ht tm pbe syscall nx pdpe1gb rdtscp lm constant_tsc arch_perfmon pebs bts rep_good nopl xtopology nonstop_tsc aperfmperf eagerfpu pni pclmulqdq dtes64 monitor ds_cpl vmx smx est tm2 ssse3 fma cx16 xtpr pdcm pcid sse4_1 sse4_2 x2apic movbe popcnt tsc_deadline_timer aes xsave avx f16c rdrand lahf_lm abm ida arat epb pln pts dtherm tpr_shadow vnmi flexpriority ept vpid fsgsbase tsc_adjust bmi1 hle avx2 smep bmi2 erms invpcid rtm xsaveopt
bugs		:
bogomips	: 6787.61
clflush size	: 64
cache_alignment	: 64
address sizes	: 39 bits physical, 48 bits virtual
power management:

processor	: 7
vendor_id	: GenuineIntel
cpu family	: 6
model		: 60
model name	: Intel(R) Core(TM) i7-4770 CPU @ 3.40GHz
stepping	: 3
microcode	: 0x17
cpu MHz		: 3699.359
cache size	: 8192 KB
physical id	: 0
siblings	: 8
core id		: 3
cpu cores	: 4
apicid		: 7
initial apicid	: 7
fpu		: yes
fpu_exception	: yes
cpuid level	: 13
wp		: yes
flags		: fpu vme de pse tsc msr pae mce cx8 apic sep mtrr pge mca cmov pat pse36 clflush dts acpi mmx fxsr sse sse2 ss ht tm pbe syscall nx pdpe1gb rdtscp lm constant_tsc arch_perfmon pebs bts rep_good nopl xtopology nonstop_tsc aperfmperf eagerfpu pni pclmulqdq dtes64 monitor ds_cpl vmx smx est tm2 ssse3 fma cx16 xtpr pdcm pcid sse4_1 sse4_2 x2apic movbe popcnt tsc_deadline_timer aes xsave avx f16c rdrand lahf_lm abm ida arat epb pln pts dtherm tpr_shadow vnmi flexpriority ept vpid fsgsbase tsc_adjust bmi1 hle avx2 smep bmi2 erms invpcid rtm xsaveopt
bugs		:
bogomips	: 6787.61
clflush size	: 64
cache_alignment	: 64
address sizes	: 39 bits physical, 48 bits virtual
power management:



Memory: 4k page, physical 8121504k(289968k free), swap 4194300k(3059880k free)

vm_info: Java HotSpot(TM) 64-Bit Server VM (24.65-b04) for linux-amd64 JRE (1.7.0_67-b01), built on Jul 25 2014 09:20:21 by "java_re" with gcc 4.3.0 20080428 (Red Hat 4.3.0-8)

time: Tue Aug  4 13:32:06 2015
elapsed time: 16 seconds

